#
# There is insufficient memory for the Java Runtime Environment to continue.
# Native memory allocation (malloc) failed to allocate 1107248 bytes for Chunk::new
# Possible reasons:
#   The system is out of physical RAM or swap space
#   The process is running with CompressedOops enabled, and the Java Heap may be blocking the growth of the native heap
# Possible solutions:
#   Reduce memory load on the system
#   Increase physical memory or swap space
#   Check if swap backing store is full
#   Decrease Java heap size (-Xmx/-Xms)
#   Decrease number of Java threads
#   Decrease Java thread stack sizes (-Xss)
#   Set larger code cache with -XX:ReservedCodeCacheSize=
#   JVM is running with Zero Based Compressed Oops mode in which the Java heap is
#     placed in the first 32GB address space. The Java Heap base address is the
#     maximum limit for the native heap growth. Please use -XX:HeapBaseMinAddress
#     to set the Java Heap base and to place the Java Heap above 32GB virtual address.
# This output file may be truncated or incomplete.
#
#  Out of Memory Error (allocation.cpp:389), pid=8812, tid=0x000000000000507c
#
# JRE version: Java(TM) SE Runtime Environment (8.0_231-b11) (build 1.8.0_231-b11)
# Java VM: Java HotSpot(TM) 64-Bit Server VM (25.231-b11 mixed mode windows-amd64 compressed oops)
# Failed to write core dump. Minidumps are not enabled by default on client versions of Windows
#

---------------  T H R E A D  ---------------

Current thread (0x000000001e7cb800):  JavaThread "C2 CompilerThread1" daemon [_thread_in_native, id=20604, stack(0x000000001f1f0000,0x000000001f2f0000)]

Stack: [0x000000001f1f0000,0x000000001f2f0000]
[error occurred during error reporting (printing stack bounds), id 0xc0000005]

Native frames: (J=compiled Java code, j=interpreted, Vv=VM code, C=native code)


Current CompileTask:
C2:   7436 5871       4       java.lang.Class::privateGetMethodRecursive (130 bytes)


---------------  P R O C E S S  ---------------

Java Threads: ( => current thread )
  0x0000000028ea5800 JavaThread "ClassGraph-worker-13" daemon [_thread_in_Java, id=1612, stack(0x000000002ba30000,0x000000002bb30000)]
  0x0000000028ea9000 JavaThread "ClassGraph-worker-12" daemon [_thread_blocked, id=2100, stack(0x000000002b930000,0x000000002ba30000)]
  0x0000000028eaa800 JavaThread "ClassGraph-worker-11" daemon [_thread_blocked, id=14760, stack(0x000000002b830000,0x000000002b930000)]
  0x0000000028ea8800 JavaThread "ClassGraph-worker-10" daemon [_thread_in_Java, id=9084, stack(0x000000002b730000,0x000000002b830000)]
  0x0000000028ea7000 JavaThread "ClassGraph-worker-9" daemon [_thread_blocked, id=9756, stack(0x000000002b630000,0x000000002b730000)]
  0x0000000028ea0000 JavaThread "ClassGraph-worker-8" daemon [_thread_blocked, id=4268, stack(0x000000002b530000,0x000000002b630000)]
  0x0000000028e9f800 JavaThread "ClassGraph-worker-7" daemon [_thread_blocked, id=19796, stack(0x000000002b430000,0x000000002b530000)]
  0x0000000028ea4000 JavaThread "ClassGraph-worker-6" daemon [_thread_in_Java, id=2708, stack(0x000000002b330000,0x000000002b430000)]
  0x0000000028ea3000 JavaThread "ClassGraph-worker-5" daemon [_thread_blocked, id=20060, stack(0x000000002b230000,0x000000002b330000)]
  0x0000000028ea6000 JavaThread "ClassGraph-worker-4" daemon [_thread_blocked, id=12908, stack(0x0000000029ee0000,0x0000000029fe0000)]
  0x0000000028ea2800 JavaThread "ClassGraph-worker-3" daemon [_thread_blocked, id=19692, stack(0x0000000029b80000,0x0000000029c80000)]
  0x0000000028ea1000 JavaThread "ClassGraph-worker-2" daemon [_thread_blocked, id=12156, stack(0x0000000029a80000,0x0000000029b80000)]
  0x0000000028ea1800 JavaThread "ClassGraph-worker-1" daemon [_thread_in_Java, id=3604, stack(0x0000000027f70000,0x0000000028070000)]
  0x0000000028ea4800 JavaThread "ClassGraph-worker-0" daemon [_thread_blocked, id=4284, stack(0x0000000027810000,0x0000000027910000)]
  0x0000000020a17000 JavaThread "HikariPool-1 connection adder" daemon [_thread_blocked, id=16464, stack(0x0000000027710000,0x0000000027810000)]
  0x0000000020a16000 JavaThread "HikariPool-1 housekeeper" daemon [_thread_blocked, id=3780, stack(0x0000000027610000,0x0000000027710000)]
  0x000000002516a800 JavaThread "mysql-cj-abandoned-connection-cleanup" daemon [_thread_blocked, id=8916, stack(0x0000000022d20000,0x0000000022e20000)]
  0x000000001e7fd800 JavaThread "Service Thread" daemon [_thread_blocked, id=10232, stack(0x000000001f4f0000,0x000000001f5f0000)]
  0x000000001e7dd800 JavaThread "C1 CompilerThread3" daemon [_thread_in_native, id=20288, stack(0x000000001f3f0000,0x000000001f4f0000)]
  0x000000001e7cf800 JavaThread "C2 CompilerThread2" daemon [_thread_in_native, id=19936, stack(0x000000001f2f0000,0x000000001f3f0000)]
=>0x000000001e7cb800 JavaThread "C2 CompilerThread1" daemon [_thread_in_native, id=20604, stack(0x000000001f1f0000,0x000000001f2f0000)]
  0x000000001e7c8800 JavaThread "C2 CompilerThread0" daemon [_thread_in_native, id=19596, stack(0x000000001f0f0000,0x000000001f1f0000)]
  0x000000001e7c7000 JavaThread "Monitor Ctrl-Break" daemon [_thread_in_native, id=18632, stack(0x000000001eff0000,0x000000001f0f0000)]
  0x000000001e72c800 JavaThread "Attach Listener" daemon [_thread_blocked, id=7356, stack(0x000000001eef0000,0x000000001eff0000)]
  0x000000001e72a800 JavaThread "Signal Dispatcher" daemon [_thread_blocked, id=12244, stack(0x000000001edf0000,0x000000001eef0000)]
  0x000000001c914000 JavaThread "Finalizer" daemon [_thread_blocked, id=14168, stack(0x000000001ebf0000,0x000000001ecf0000)]
  0x000000001e710800 JavaThread "Reference Handler" daemon [_thread_blocked, id=11112, stack(0x000000001eaf0000,0x000000001ebf0000)]
  0x0000000002cd2800 JavaThread "main" [_thread_blocked, id=18804, stack(0x0000000002b20000,0x0000000002c20000)]

Other Threads:
  0x0000000002dce800 VMThread [stack: 0x000000001e5f0000,0x000000001e6f0000] [id=5280]
  0x000000001e900800 WatcherThread [stack: 0x000000001f5f0000,0x000000001f6f0000] [id=21824]

VM state:not at safepoint (normal execution)

VM Mutex/Monitor currently owned by a thread: None

heap address: 0x00000006c2600000, size: 4058 MB, Compressed Oops mode: Zero based, Oop shift amount: 3
Narrow klass base: 0x0000000000000000, Narrow klass shift: 3
Compressed class space size: 1073741824 Address: 0x00000007c0000000

Heap:
 PSYoungGen      total 934400K, used 285687K [0x000000076b780000, 0x00000007a6800000, 0x00000007c0000000)
  eden space 920064K, 31% used [0x000000076b780000,0x000000077ce7de28,0x00000007a3a00000)
  from space 14336K, 0% used [0x00000007a4f00000,0x00000007a4f00000,0x00000007a5d00000)
  to   space 21504K, 0% used [0x00000007a3a00000,0x00000007a3a00000,0x00000007a4f00000)
 ParOldGen       total 142336K, used 38085K [0x00000006c2600000, 0x00000006cb100000, 0x000000076b780000)
  object space 142336K, 26% used [0x00000006c2600000,0x00000006c4b31400,0x00000006cb100000)
 Metaspace       used 62558K, capacity 67004K, committed 67144K, reserved 1107968K
  class space    used 8506K, capacity 9235K, committed 9344K, reserved 1048576K

Card table byte_map: [0x0000000012320000,0x0000000012b10000] byte_map_base: 0x000000000ed0d000

Marking Bits: (ParMarkBitMap*) 0x00000000622f6d90
 Begin Bits: [0x0000000013860000, 0x00000000177c8000)
 End Bits:   [0x00000000177c8000, 0x000000001b730000)

Polling page: 0x0000000001130000

CodeCache: size=245760Kb used=20368Kb max_used=20368Kb free=225392Kb
 bounds [0x0000000002f60000, 0x0000000004360000, 0x0000000011f60000]
 total_blobs=6306 nmethods=5727 adapters=490
 compilation: enabled

Compilation events (10 events):
Event: 7.428 Thread 0x000000001e7dd800 nmethod 6337 0x0000000004345d50 code [0x0000000004345ea0, 0x0000000004345ff0]
Event: 7.428 Thread 0x000000001e7dd800 6324       2       java.util.concurrent.locks.AbstractQueuedSynchronizer::doReleaseShared (79 bytes)
Event: 7.429 Thread 0x000000001e7dd800 nmethod 6324 0x0000000004346090 code [0x0000000004346200, 0x0000000004346548]
Event: 7.429 Thread 0x000000001e7dd800 6323       2       sun.nio.fs.WindowsPath::checkRead (17 bytes)
Event: 7.429 Thread 0x000000001e7dd800 nmethod 6323 0x00000000043466d0 code [0x0000000004346860, 0x0000000004346ae8]
Event: 7.429 Thread 0x000000001e7dd800 6329       1       io.github.classgraph.Scanner::access$300 (5 bytes)
Event: 7.429 Thread 0x000000001e7dd800 nmethod 6329 0x0000000004346c90 code [0x0000000004346de0, 0x0000000004346ed0]
Event: 7.429 Thread 0x000000001e7dd800 6330       1       nonapi.io.github.classgraph.fastzipfilereader.NestedJarHandler::access$100 (5 bytes)
Event: 7.429 Thread 0x000000001e7dd800 nmethod 6330 0x0000000004346f50 code [0x00000000043470a0, 0x0000000004347190]
Event: 7.429 Thread 0x000000001e7dd800 6358 %     3       io.github.classgraph.ClasspathElementZip::scanPaths @ 517 (879 bytes)

GC Heap History (10 events):
Event: 3.032 GC heap before
{Heap before GC invocations=7 (full 1):
 PSYoungGen      total 270848K, used 260096K [0x000000076b780000, 0x000000078c680000, 0x00000007c0000000)
  eden space 260096K, 100% used [0x000000076b780000,0x000000077b580000,0x000000077b580000)
  from space 10752K, 0% used [0x000000077b580000,0x000000077b580000,0x000000077c000000)
  to   space 9728K, 0% used [0x000000078bd00000,0x000000078bd00000,0x000000078c680000)
 ParOldGen       total 76800K, used 5838K [0x00000006c2600000, 0x00000006c7100000, 0x000000076b780000)
  object space 76800K, 7% used [0x00000006c2600000,0x00000006c2bb39b0,0x00000006c7100000)
 Metaspace       used 31534K, capacity 34018K, committed 34376K, reserved 1079296K
  class space    used 4200K, capacity 4633K, committed 4736K, reserved 1048576K
Event: 3.046 GC heap after
Heap after GC invocations=7 (full 1):
 PSYoungGen      total 503808K, used 9699K [0x000000076b780000, 0x000000078c680000, 0x00000007c0000000)
  eden space 494080K, 0% used [0x000000076b780000,0x000000076b780000,0x0000000789a00000)
  from space 9728K, 99% used [0x000000078bd00000,0x000000078c678cc8,0x000000078c680000)
  to   space 14848K, 0% used [0x000000078a980000,0x000000078a980000,0x000000078b800000)
 ParOldGen       total 76800K, used 13211K [0x00000006c2600000, 0x00000006c7100000, 0x000000076b780000)
  object space 76800K, 17% used [0x00000006c2600000,0x00000006c32e6d40,0x00000006c7100000)
 Metaspace       used 31534K, capacity 34018K, committed 34376K, reserved 1079296K
  class space    used 4200K, capacity 4633K, committed 4736K, reserved 1048576K
}
Event: 3.266 GC heap before
{Heap before GC invocations=8 (full 1):
 PSYoungGen      total 503808K, used 48676K [0x000000076b780000, 0x000000078c680000, 0x00000007c0000000)
  eden space 494080K, 7% used [0x000000076b780000,0x000000076dd90370,0x0000000789a00000)
  from space 9728K, 99% used [0x000000078bd00000,0x000000078c678cc8,0x000000078c680000)
  to   space 14848K, 0% used [0x000000078a980000,0x000000078a980000,0x000000078b800000)
 ParOldGen       total 76800K, used 13211K [0x00000006c2600000, 0x00000006c7100000, 0x000000076b780000)
  object space 76800K, 17% used [0x00000006c2600000,0x00000006c32e6d40,0x00000006c7100000)
 Metaspace       used 33946K, capacity 36452K, committed 36600K, reserved 1081344K
  class space    used 4520K, capacity 4980K, committed 4992K, reserved 1048576K
Event: 3.273 GC heap after
Heap after GC invocations=8 (full 1):
 PSYoungGen      total 524800K, used 8739K [0x000000076b780000, 0x00000007a5d00000, 0x00000007c0000000)
  eden space 509952K, 0% used [0x000000076b780000,0x000000076b780000,0x000000078a980000)
  from space 14848K, 58% used [0x000000078a980000,0x000000078b208ed8,0x000000078b800000)
  to   space 14336K, 0% used [0x00000007a4f00000,0x00000007a4f00000,0x00000007a5d00000)
 ParOldGen       total 76800K, used 13219K [0x00000006c2600000, 0x00000006c7100000, 0x000000076b780000)
  object space 76800K, 17% used [0x00000006c2600000,0x00000006c32e8d40,0x00000006c7100000)
 Metaspace       used 33946K, capacity 36452K, committed 36600K, reserved 1081344K
  class space    used 4520K, capacity 4980K, committed 4992K, reserved 1048576K
}
Event: 3.273 GC heap before
{Heap before GC invocations=9 (full 2):
 PSYoungGen      total 524800K, used 8739K [0x000000076b780000, 0x00000007a5d00000, 0x00000007c0000000)
  eden space 509952K, 0% used [0x000000076b780000,0x000000076b780000,0x000000078a980000)
  from space 14848K, 58% used [0x000000078a980000,0x000000078b208ed8,0x000000078b800000)
  to   space 14336K, 0% used [0x00000007a4f00000,0x00000007a4f00000,0x00000007a5d00000)
 ParOldGen       total 76800K, used 13219K [0x00000006c2600000, 0x00000006c7100000, 0x000000076b780000)
  object space 76800K, 17% used [0x00000006c2600000,0x00000006c32e8d40,0x00000006c7100000)
 Metaspace       used 33946K, capacity 36452K, committed 36600K, reserved 1081344K
  class space    used 4520K, capacity 4980K, committed 4992K, reserved 1048576K
Event: 3.305 GC heap after
Heap after GC invocations=9 (full 2):
 PSYoungGen      total 524800K, used 0K [0x000000076b780000, 0x00000007a5d00000, 0x00000007c0000000)
  eden space 509952K, 0% used [0x000000076b780000,0x000000076b780000,0x000000078a980000)
  from space 14848K, 0% used [0x000000078a980000,0x000000078a980000,0x000000078b800000)
  to   space 14336K, 0% used [0x00000007a4f00000,0x00000007a4f00000,0x00000007a5d00000)
 ParOldGen       total 99840K, used 13988K [0x00000006c2600000, 0x00000006c8780000, 0x000000076b780000)
  object space 99840K, 14% used [0x00000006c2600000,0x00000006c33a93c8,0x00000006c8780000)
 Metaspace       used 33946K, capacity 36452K, committed 36600K, reserved 1081344K
  class space    used 4520K, capacity 4980K, committed 4992K, reserved 1048576K
}
Event: 6.213 GC heap before
{Heap before GC invocations=10 (full 2):
 PSYoungGen      total 524800K, used 303704K [0x000000076b780000, 0x00000007a5d00000, 0x00000007c0000000)
  eden space 509952K, 59% used [0x000000076b780000,0x000000077e016390,0x000000078a980000)
  from space 14848K, 0% used [0x000000078a980000,0x000000078a980000,0x000000078b800000)
  to   space 14336K, 0% used [0x00000007a4f00000,0x00000007a4f00000,0x00000007a5d00000)
 ParOldGen       total 99840K, used 13988K [0x00000006c2600000, 0x00000006c8780000, 0x000000076b780000)
  object space 99840K, 14% used [0x00000006c2600000,0x00000006c33a93c8,0x00000006c8780000)
 Metaspace       used 57255K, capacity 60944K, committed 61000K, reserved 1101824K
  class space    used 7764K, capacity 8401K, committed 8448K, reserved 1048576K
Event: 6.231 GC heap after
Heap after GC invocations=10 (full 2):
 PSYoungGen      total 934400K, used 14322K [0x000000076b780000, 0x00000007a6800000, 0x00000007c0000000)
  eden space 920064K, 0% used [0x000000076b780000,0x000000076b780000,0x00000007a3a00000)
  from space 14336K, 99% used [0x00000007a4f00000,0x00000007a5cfc9d8,0x00000007a5d00000)
  to   space 21504K, 0% used [0x00000007a3a00000,0x00000007a3a00000,0x00000007a4f00000)
 ParOldGen       total 99840K, used 26837K [0x00000006c2600000, 0x00000006c8780000, 0x000000076b780000)
  object space 99840K, 26% used [0x00000006c2600000,0x00000006c40355a0,0x00000006c8780000)
 Metaspace       used 57255K, capacity 60944K, committed 61000K, reserved 1101824K
  class space    used 7764K, capacity 8401K, committed 8448K, reserved 1048576K
}
Event: 6.231 GC heap before
{Heap before GC invocations=11 (full 3):
 PSYoungGen      total 934400K, used 14322K [0x000000076b780000, 0x00000007a6800000, 0x00000007c0000000)
  eden space 920064K, 0% used [0x000000076b780000,0x000000076b780000,0x00000007a3a00000)
  from space 14336K, 99% used [0x00000007a4f00000,0x00000007a5cfc9d8,0x00000007a5d00000)
  to   space 21504K, 0% used [0x00000007a3a00000,0x00000007a3a00000,0x00000007a4f00000)
 ParOldGen       total 99840K, used 26837K [0x00000006c2600000, 0x00000006c8780000, 0x000000076b780000)
  object space 99840K, 26% used [0x00000006c2600000,0x00000006c40355a0,0x00000006c8780000)
 Metaspace       used 57255K, capacity 60944K, committed 61000K, reserved 1101824K
  class space    used 7764K, capacity 8401K, committed 8448K, reserved 1048576K
Event: 6.381 GC heap after
Heap after GC invocations=11 (full 3):
 PSYoungGen      total 934400K, used 0K [0x000000076b780000, 0x00000007a6800000, 0x00000007c0000000)
  eden space 920064K, 0% used [0x000000076b780000,0x000000076b780000,0x00000007a3a00000)
  from space 14336K, 0% used [0x00000007a4f00000,0x00000007a4f00000,0x00000007a5d00000)
  to   space 21504K, 0% used [0x00000007a3a00000,0x00000007a3a00000,0x00000007a4f00000)
 ParOldGen       total 142336K, used 38085K [0x00000006c2600000, 0x00000006cb100000, 0x000000076b780000)
  object space 142336K, 26% used [0x00000006c2600000,0x00000006c4b31400,0x00000006cb100000)
 Metaspace       used 57255K, capacity 60944K, committed 61000K, reserved 1101824K
  class space    used 7764K, capacity 8401K, committed 8448K, reserved 1048576K
}

Deoptimization events (10 events):
Event: 6.853 Thread 0x0000000002cd2800 Uncommon trap: reason=unstable_if action=reinterpret pc=0x0000000003191f54 method=java.util.TreeMap.put(Ljava/lang/Object;Ljava/lang/Object;)Ljava/lang/Object; @ 90
Event: 6.855 Thread 0x0000000002cd2800 Uncommon trap: reason=unstable_if action=reinterpret pc=0x00000000040bc158 method=java.util.concurrent.ConcurrentHashMap.get(Ljava/lang/Object;)Ljava/lang/Object; @ 86
Event: 6.955 Thread 0x0000000002cd2800 Uncommon trap: reason=class_check action=maybe_recompile pc=0x00000000040d9c34 method=java.util.stream.AbstractPipeline.wrapAndCopyInto(Ljava/util/stream/Sink;Ljava/util/Spliterator;)Ljava/util/stream/Sink; @ 6
Event: 6.996 Thread 0x0000000002cd2800 Uncommon trap: reason=unstable_if action=reinterpret pc=0x00000000034642c8 method=java.util.concurrent.ConcurrentHashMap.transfer([Ljava/util/concurrent/ConcurrentHashMap$Node;[Ljava/util/concurrent/ConcurrentHashMap$Node;)V @ 356
Event: 7.000 Thread 0x0000000002cd2800 Uncommon trap: reason=class_check action=maybe_recompile pc=0x00000000040d9c34 method=java.util.stream.AbstractPipeline.wrapAndCopyInto(Ljava/util/stream/Sink;Ljava/util/Spliterator;)Ljava/util/stream/Sink; @ 6
Event: 7.049 Thread 0x0000000002cd2800 Uncommon trap: reason=unstable_if action=reinterpret pc=0x00000000038689a0 method=org.springframework.core.annotation.AnnotationsScanner.isWithoutHierarchy(Ljava/lang/reflect/AnnotatedElement;Lorg/springframework/core/annotation/MergedAnnotations$SearchSt
Event: 7.115 Thread 0x0000000002cd2800 Uncommon trap: reason=unstable_if action=reinterpret pc=0x00000000039a6e3c method=org.springframework.beans.factory.support.AbstractBeanFactory.isTypeMatch(Ljava/lang/String;Lorg/springframework/core/ResolvableType;Z)Z @ 34
Event: 7.129 Thread 0x0000000002cd2800 Uncommon trap: reason=class_check action=maybe_recompile pc=0x00000000040d9c34 method=java.util.stream.AbstractPipeline.wrapAndCopyInto(Ljava/util/stream/Sink;Ljava/util/Spliterator;)Ljava/util/stream/Sink; @ 6
Event: 7.158 Thread 0x0000000002cd2800 Uncommon trap: reason=unstable_if action=reinterpret pc=0x0000000003e5423c method=java.lang.String.regionMatches(ZILjava/lang/String;II)Z @ 58
Event: 7.216 Thread 0x0000000028ea4000 Uncommon trap: reason=unstable_if action=reinterpret pc=0x0000000003ba0098 method=java.util.concurrent.ConcurrentHashMap.addCount(JI)V @ 168

Classes redefined (0 events):
No events

Internal exceptions (10 events):
Event: 7.262 Thread 0x0000000028e9f800 Exception <a 'sun/nio/fs/WindowsException'> (0x0000000777ea9760) thrown at [C:\re\workspace\8-2-build-windows-amd64-cygwin\jdk8u231\13620\hotspot\src\share\vm\prims\jni.cpp, line 710]
Event: 7.262 Thread 0x0000000028e9f800 Exception <a 'sun/nio/fs/WindowsException'> (0x0000000777ea9f40) thrown at [C:\re\workspace\8-2-build-windows-amd64-cygwin\jdk8u231\13620\hotspot\src\share\vm\prims\jni.cpp, line 710]
Event: 7.263 Thread 0x0000000028e9f800 Exception <a 'sun/nio/fs/WindowsException'> (0x0000000777eaabe0) thrown at [C:\re\workspace\8-2-build-windows-amd64-cygwin\jdk8u231\13620\hotspot\src\share\vm\prims\jni.cpp, line 710]
Event: 7.263 Thread 0x0000000028e9f800 Exception <a 'sun/nio/fs/WindowsException'> (0x0000000777eab3e0) thrown at [C:\re\workspace\8-2-build-windows-amd64-cygwin\jdk8u231\13620\hotspot\src\share\vm\prims\jni.cpp, line 710]
Event: 7.263 Thread 0x0000000028e9f800 Exception <a 'sun/nio/fs/WindowsException'> (0x0000000777eac0b8) thrown at [C:\re\workspace\8-2-build-windows-amd64-cygwin\jdk8u231\13620\hotspot\src\share\vm\prims\jni.cpp, line 710]
Event: 7.263 Thread 0x0000000028e9f800 Exception <a 'sun/nio/fs/WindowsException'> (0x0000000777eac8e8) thrown at [C:\re\workspace\8-2-build-windows-amd64-cygwin\jdk8u231\13620\hotspot\src\share\vm\prims\jni.cpp, line 710]
Event: 7.263 Thread 0x0000000028e9f800 Exception <a 'sun/nio/fs/WindowsException'> (0x0000000777ead5e0) thrown at [C:\re\workspace\8-2-build-windows-amd64-cygwin\jdk8u231\13620\hotspot\src\share\vm\prims\jni.cpp, line 710]
Event: 7.263 Thread 0x0000000028e9f800 Exception <a 'sun/nio/fs/WindowsException'> (0x0000000777eade38) thrown at [C:\re\workspace\8-2-build-windows-amd64-cygwin\jdk8u231\13620\hotspot\src\share\vm\prims\jni.cpp, line 710]
Event: 7.263 Thread 0x0000000028e9f800 Exception <a 'sun/nio/fs/WindowsException'> (0x0000000777eaeb18) thrown at [C:\re\workspace\8-2-build-windows-amd64-cygwin\jdk8u231\13620\hotspot\src\share\vm\prims\jni.cpp, line 710]
Event: 7.263 Thread 0x0000000028e9f800 Exception <a 'sun/nio/fs/WindowsException'> (0x0000000777eaf368) thrown at [C:\re\workspace\8-2-build-windows-amd64-cygwin\jdk8u231\13620\hotspot\src\share\vm\prims\jni.cpp, line 710]

Events (10 events):
Event: 7.408 loading class java/util/concurrent/ConcurrentHashMap$KeyIterator
Event: 7.408 loading class java/util/concurrent/ConcurrentHashMap$KeyIterator done
Event: 7.409 loading class io/github/classgraph/Scanner$3
Event: 7.409 loading class io/github/classgraph/Scanner$3 done
Event: 7.409 loading class io/github/classgraph/Scanner$4
Event: 7.409 loading class io/github/classgraph/Scanner$4 done
Event: 7.410 loading class nonapi/io/github/classgraph/scanspec/ScanSpec$ScanSpecPathMatch
Event: 7.410 loading class nonapi/io/github/classgraph/scanspec/ScanSpec$ScanSpecPathMatch done
Event: 7.410 Executing VM operation: RevokeBias
Event: 7.410 Executing VM operation: RevokeBias done


Dynamic libraries:
0x00007ff7c79d0000 - 0x00007ff7c7a07000 	C:\Program Files\Java\jdk1.8.0_231\bin\java.exe
0x00007ff8743b0000 - 0x00007ff8745c4000 	C:\WINDOWS\SYSTEM32\ntdll.dll
0x00007ff839f60000 - 0x00007ff839f77000 	C:\Program Files\AVG\Antivirus\aswhook.dll
0x00007ff8732b0000 - 0x00007ff873372000 	C:\WINDOWS\System32\KERNEL32.DLL
0x00007ff871c70000 - 0x00007ff87200c000 	C:\WINDOWS\System32\KERNELBASE.dll
0x00007ff8733a0000 - 0x00007ff87344e000 	C:\WINDOWS\System32\ADVAPI32.dll
0x00007ff872890000 - 0x00007ff872937000 	C:\WINDOWS\System32\msvcrt.dll
0x00007ff872a40000 - 0x00007ff872ae4000 	C:\WINDOWS\System32\sechost.dll
0x00007ff872f50000 - 0x00007ff873065000 	C:\WINDOWS\System32\RPCRT4.dll
0x00007ff8736a0000 - 0x00007ff87384a000 	C:\WINDOWS\System32\USER32.dll
0x00007ff872010000 - 0x00007ff872036000 	C:\WINDOWS\System32\win32u.dll
0x00007ff872280000 - 0x00007ff8722a9000 	C:\WINDOWS\System32\GDI32.dll
0x00007ff8719a0000 - 0x00007ff871ab2000 	C:\WINDOWS\System32\gdi32full.dll
0x00007ff871900000 - 0x00007ff87199a000 	C:\WINDOWS\System32\msvcp_win.dll
0x00007ff8717e0000 - 0x00007ff8718f1000 	C:\WINDOWS\System32\ucrtbase.dll
0x00007ff870a40000 - 0x00007ff870cce000 	C:\WINDOWS\WinSxS\amd64_microsoft.windows.common-controls_6595b64144ccf1df_6.0.22621.608_none_a9444ca7c10bb01d\COMCTL32.dll
0x00007ff872830000 - 0x00007ff872861000 	C:\WINDOWS\System32\IMM32.DLL
0x0000000062660000 - 0x0000000062732000 	C:\Program Files\Java\jdk1.8.0_231\jre\bin\msvcr100.dll
0x0000000061ad0000 - 0x0000000062376000 	C:\Program Files\Java\jdk1.8.0_231\jre\bin\server\jvm.dll
0x00007ff8740c0000 - 0x00007ff8740c8000 	C:\WINDOWS\System32\PSAPI.DLL
0x00007ff868a30000 - 0x00007ff868a64000 	C:\WINDOWS\SYSTEM32\WINMM.dll
0x00007ff851da0000 - 0x00007ff851da9000 	C:\WINDOWS\SYSTEM32\WSOCK32.dll
0x00007ff866c40000 - 0x00007ff866c4a000 	C:\WINDOWS\SYSTEM32\VERSION.dll
0x00007ff873450000 - 0x00007ff8734c1000 	C:\WINDOWS\System32\WS2_32.dll
0x00007ff86dd30000 - 0x00007ff86dd3f000 	C:\Program Files\Java\jdk1.8.0_231\jre\bin\verify.dll
0x00007ff8522c0000 - 0x00007ff8522e9000 	C:\Program Files\Java\jdk1.8.0_231\jre\bin\java.dll
0x00007ff851ed0000 - 0x00007ff851ef3000 	C:\Program Files\Java\jdk1.8.0_231\jre\bin\instrument.dll
0x00007ff858090000 - 0x00007ff8580a6000 	C:\Program Files\Java\jdk1.8.0_231\jre\bin\zip.dll
0x00007ff873850000 - 0x00007ff87402d000 	C:\WINDOWS\System32\SHELL32.dll
0x00007ff86ee30000 - 0x00007ff86f6e7000 	C:\WINDOWS\SYSTEM32\windows.storage.dll
0x00007ff872b40000 - 0x00007ff872ec9000 	C:\WINDOWS\System32\combase.dll
0x00007ff86ecf0000 - 0x00007ff86ee2d000 	C:\WINDOWS\SYSTEM32\wintypes.dll
0x00007ff874270000 - 0x00007ff874361000 	C:\WINDOWS\System32\SHCORE.dll
0x00007ff873250000 - 0x00007ff8732ae000 	C:\WINDOWS\System32\shlwapi.dll
0x00007ff871710000 - 0x00007ff871731000 	C:\WINDOWS\SYSTEM32\profapi.dll
0x00007ff85c0b0000 - 0x00007ff85c0ca000 	C:\Program Files\JetBrains\IntelliJ IDEA 2020.1\bin\breakgen64.dll
0x00007ff852070000 - 0x00007ff85208a000 	C:\Program Files\Java\jdk1.8.0_231\jre\bin\net.dll
0x00007ff8704a0000 - 0x00007ff870509000 	C:\WINDOWS\system32\mswsock.dll
0x00007ff86beb0000 - 0x00007ff86bebd000 	C:\Program Files\Java\jdk1.8.0_231\jre\bin\management.dll
0x00007ff850f50000 - 0x00007ff850f67000 	C:\WINDOWS\system32\napinsp.dll
0x00007ff850f30000 - 0x00007ff850f4b000 	C:\WINDOWS\system32\pnrpnsp.dll
0x00007ff86fb60000 - 0x00007ff86fc52000 	C:\WINDOWS\SYSTEM32\DNSAPI.dll
0x00007ff86faf0000 - 0x00007ff86fb1d000 	C:\WINDOWS\SYSTEM32\IPHLPAPI.DLL
0x00007ff872870000 - 0x00007ff872879000 	C:\WINDOWS\System32\NSI.dll
0x00007ff83af70000 - 0x00007ff83af81000 	C:\WINDOWS\System32\winrnr.dll
0x00007ff83af50000 - 0x00007ff83af65000 	C:\WINDOWS\system32\wshbth.dll
0x00007ff83af20000 - 0x00007ff83af41000 	C:\WINDOWS\system32\nlansp_c.dll
0x00007ff852a20000 - 0x00007ff852a2a000 	C:\Windows\System32\rasadhlp.dll
0x00007ff866e60000 - 0x00007ff866ee3000 	C:\WINDOWS\System32\fwpuclnt.dll
0x00007ff852050000 - 0x00007ff852062000 	C:\Program Files\Java\jdk1.8.0_231\jre\bin\nio.dll
0x00007ff871480000 - 0x00007ff87149b000 	C:\WINDOWS\SYSTEM32\CRYPTSP.dll
0x00007ff8703c0000 - 0x00007ff8703f5000 	C:\WINDOWS\system32\rsaenh.dll
0x00007ff8708a0000 - 0x00007ff8708c8000 	C:\WINDOWS\SYSTEM32\USERENV.dll
0x00007ff871080000 - 0x00007ff8710a8000 	C:\WINDOWS\SYSTEM32\bcrypt.dll
0x00007ff871b30000 - 0x00007ff871bab000 	C:\WINDOWS\System32\bcryptprimitives.dll
0x00007ff8708d0000 - 0x00007ff8708dc000 	C:\WINDOWS\SYSTEM32\CRYPTBASE.dll
0x00007ff868a10000 - 0x00007ff868a29000 	C:\WINDOWS\SYSTEM32\dhcpcsvc6.DLL
0x00007ff8689f0000 - 0x00007ff868a0f000 	C:\WINDOWS\SYSTEM32\dhcpcsvc.DLL
0x00007ff851ea0000 - 0x00007ff851ec4000 	C:\Program Files\Java\jdk1.8.0_231\jre\bin\sunec.dll
0x00007ff85c010000 - 0x00007ff85c01b000 	C:\Program Files\Java\jdk1.8.0_231\jre\bin\sunmscapi.dll
0x00007ff872040000 - 0x00007ff8721a6000 	C:\WINDOWS\System32\CRYPT32.dll

VM Arguments:
jvm_args: -Dvisualvm.id=146345439344400 -ea -javaagent:C:\Users\Aswad-PC\AppData\Local\JetBrains\IntelliJIdea2020.1\testAgent\intellij-coverage-agent-1.0.508.jar=C:\Users\Aswad-PC\AppData\Local\Temp\coverage3args -Didea.test.cyclic.buffer.size=1048576 -javaagent:C:\Program Files\JetBrains\IntelliJ IDEA 2020.1\lib\idea_rt.jar=53033:C:\Program Files\JetBrains\IntelliJ IDEA 2020.1\bin -Dfile.encoding=UTF-8 
java_command: com.intellij.rt.junit.JUnitStarter -ideVersion5 -junit5 com.security.logics.service.ProjectServiceTest
java_class_path (initial): C:\Program Files\JetBrains\IntelliJ IDEA 2020.1\lib\idea_rt.jar;C:\Users\Aswad-PC\.m2\repository\org\junit\platform\junit-platform-launcher\1.8.2\junit-platform-launcher-1.8.2.jar;C:\Users\Aswad-PC\.m2\repository\org\junit\vintage\junit-vintage-engine\5.8.2\junit-vintage-engine-5.8.2.jar;C:\Users\Aswad-PC\.m2\repository\org\hamcrest\hamcrest-core\1.3\hamcrest-core-1.3.jar;C:\Program Files\JetBrains\IntelliJ IDEA 2020.1\plugins\junit\lib\junit5-rt.jar;C:\Program Files\JetBrains\IntelliJ IDEA 2020.1\plugins\junit\lib\junit-rt.jar;C:\Program Files\Java\jdk1.8.0_231\jre\lib\charsets.jar;C:\Program Files\Java\jdk1.8.0_231\jre\lib\deploy.jar;C:\Program Files\Java\jdk1.8.0_231\jre\lib\ext\access-bridge-64.jar;C:\Program Files\Java\jdk1.8.0_231\jre\lib\ext\cldrdata.jar;C:\Program Files\Java\jdk1.8.0_231\jre\lib\ext\dnsns.jar;C:\Program Files\Java\jdk1.8.0_231\jre\lib\ext\jaccess.jar;C:\Program Files\Java\jdk1.8.0_231\jre\lib\ext\jfxrt.jar;C:\Program Files\Java\jdk1.8.0_231\jre\lib\ext\localedata.jar;C:\Program Files\Java\jdk1.8.0_231\jre\lib\ext\nashorn.jar;C:\Program Files\Java\jdk1.8.0_231\jre\lib\ext\sunec.jar;C:\Program Files\Java\jdk1.8.0_231\jre\lib\ext\sunjce_provider.jar;C:\Program Files\Java\jdk1.8.0_231\jre\lib\ext\sunmscapi.jar;C:\Program Files\Java\jdk1.8.0_231\jre\lib\ext\sunpkcs11.jar;C:\Program Files\Java\jdk1.8.0_231\jre\lib\ext\zipfs.jar;C:\Program Files\Java\jdk1.8.0_231\jre\lib\javaws.jar;C:\Program Files\Java\jdk1.8.0_231\jre\lib\jce.jar;C:\Program Files\Java\jdk1.8.0_231\jre\lib\jfr.jar;C:\Program Files\Java\jdk1.8.0_231\jre\lib\jfxswt.jar;C:\Program Files\Java\jdk1.8.0_231\jre\lib\jsse.jar;C:\Program Files\Java\jdk1.8.0_231\jre\lib\management-agent.jar;C:\Program Files\Java\jdk1.8.0_231\jre\lib\plugin.jar;C:\Program Files\Java\jdk1.8.0_231\jre\lib\resources.jar;C:\Program Files\Java\jdk1.8.0_231\jre\lib\rt.jar;C:\Users\Aswad-PC\OneDrive\Desktop\Work Fiverr\Monthly Data\November 2022\elenamariagrami\final\final\target\test-c
Launcher Type: SUN_STANDARD

Environment Variables:
PATH=C:\Program Files\Common Files\Oracle\Java\javapath;C:\Python39\Scripts\;C:\Python39\;C:\Program Files (x86)\Common Files\Oracle\Java\javapath;C:\windows\system32;C:\windows;C:\windows\System32\Wbem;C:\windows\System32\WindowsPowerShell\v1.0\;C:\windows\System32\OpenSSH\;C:\Program Files (x86)\NVIDIA Corporation\PhysX\Common;C:\Program Files\NVIDIA Corporation\NVIDIA NvDLISR;C:\Program Files\Git\cmd;C:\Program Files\Amazon\AWSCLIV2\;C:\Program Files (x86)\Groovy\bin;C:\Program Files\nodejs\;C:\ProgramData\chocolatey\bin;C:\WINDOWS\system32;C:\WINDOWS;C:\WINDOWS\System32\Wbem;C:\WINDOWS\System32\WindowsPowerShell\v1.0\;C:\WINDOWS\System32\OpenSSH\;C:\Program Files\Java\jdk-16.0.2\bin;C:\Users\Aswad-PC\AppData\Local\Microsoft\WindowsApps;C:\Program Files\JetBrains\IntelliJ IDEA 2020.1\bin;;C:\Program Files\JetBrains\PyCharm Community Edition 2020.1.2\bin;;C:\Users\Aswad-PC\AppData\Local\Programs\Microsoft VS Code\bin;C:\Program Files\JetBrains\DataGrip 2020.1\bin;;C:\Program Files\JetBrains\CLion 2020.1\bin;;C:\Users\Aswad-PC\AppData\Roaming\npm;C:\Program Files\Java\jdk1.8.0_231\bin;C:\Program Files\Java\jre1.8.0_231\bin;C:\Program Files\Java\jdk-16.0.2\bin;C:\Program Files\Java\jdk-11.0.12\bin;
USERNAME=Aswad-PC
OS=Windows_NT
PROCESSOR_IDENTIFIER=Intel64 Family 6 Model 158 Stepping 10, GenuineIntel



---------------  S Y S T E M  ---------------

OS: Windows 10.0 , 64 bit Build 22621 (10.0.22621.608)

CPU:total 8 (initial active 8) (4 cores per cpu, 2 threads per core) family 6 model 158 stepping 10, cmov, cx8, fxsr, mmx, sse, sse2, sse3, ssse3, sse4.1, sse4.2, popcnt, avx, avx2, aes, clmul, erms, 3dnowpref, lzcnt, ht, tsc, tscinvbit, bmi1, bmi2, adx

Memory: 4k page, physical 16614580k(3906604k free), swap 20808884k(5080k free)

vm_info: Java HotSpot(TM) 64-Bit Server VM (25.231-b11) for windows-amd64 JRE (1.8.0_231-b11), built on Oct  5 2019 03:11:30 by "java_re" with MS VC++ 10.0 (VS2010)

time: Wed Nov 09 11:24:31 2022
timezone: Pakistan Standard Time
elapsed time: 7 seconds (0d 0h 0m 7s)

